{"logTime": "0911/052133", "correlationVector":"IsvqrrcWPiftYgcfLU1MeF.1","action":"SyncServerConnectionManagerRequest", "result":"SYNC_SERVER_OK", "context":{"environment":"Prod_SouthCentralUS_000i", "migrationStage":"NotStarted", "server":"GENERAL0100000L"}}
{"logTime": "0911/052133", "correlationVector":"Zbxf3ZvQP3ApZyWhxCozX/","action":"SyncServerConnectionManagerRequest", "result":"SYNC_SERVER_OK", "context":{"environment":"", "migrationStage":"", "server":""}}
{"logTime": "0911/052133", "correlationVector":"IsvqrrcWPiftYgcfLU1MeF","action":"Initial GetUpdates", "result":"", "context":Reason: NEW_CLIENT. cV=IsvqrrcWPiftYgcfLU1MeF}
{"logTime": "0911/052133", "correlationVector":"IsvqrrcWPiftYgcfLU1MeF.2","action":"GetUpdates Response", "result":"Success", "context":Received 1 update(s). cV=IsvqrrcWPiftYgcfLU1MeF.0;server=GENERAL0100000L;cloudType=Consumer;environment=Prod_SouthCentralUS_000i;migrationStage=NotStarted}
{"logTime": "0911/052133", "correlationVector":"TrjphZuEKXCjO2KyBbUeNJ","action":"Initial GetUpdates", "result":"", "context":Reason: NEWLY_SUPPORTED_DATATYPE. cV=TrjphZuEKXCjO2KyBbUeNJ}
{"logTime": "0911/052133", "correlationVector":"TrjphZuEKXCjO2KyBbUeNJ.1","action":"SyncServerConnectionManagerRequest", "result":"SYNC_SERVER_OK", "context":{"environment":"Prod_SouthCentralUS_000i", "migrationStage":"NotStarted", "server":"GENERAL01000010"}}
{"logTime": "0911/052133", "correlationVector":"TrjphZuEKXCjO2KyBbUeNJ.2","action":"GetUpdates Response", "result":"Success", "context":Received 42 update(s). cV=TrjphZuEKXCjO2KyBbUeNJ.0;server=GENERAL01000010;cloudType=Consumer;environment=Prod_SouthCentralUS_000i;migrationStage=NotStarted}
{"logTime": "0911/052133", "correlationVector":"BsjpTVUK9wHKFzd1lo7wgr","action":"Initial GetUpdates", "result":"", "context":Reason: NEWLY_SUPPORTED_DATATYPE. cV=BsjpTVUK9wHKFzd1lo7wgr}
{"logTime": "0911/052133", "correlationVector":"BsjpTVUK9wHKFzd1lo7wgr.1","action":"SyncServerConnectionManagerRequest", "result":"SYNC_SERVER_OK", "context":{"environment":"Prod_SouthCentralUS_000i", "migrationStage":"NotStarted", "server":"GENERAL0100000S"}}
{"logTime": "0911/052133", "correlationVector":"BsjpTVUK9wHKFzd1lo7wgr.2","action":"GetUpdates Response", "result":"Success", "context":Received 5 update(s). cV=BsjpTVUK9wHKFzd1lo7wgr.0;server=GENERAL0100000S;cloudType=Consumer;environment=Prod_SouthCentralUS_000i;migrationStage=NotStarted}
{"logTime": "0911/052133", "correlationVector":"ZiCoxoADYZvfCsrvDrOT1+","action":"Initial GetUpdates", "result":"", "context":Reason: NEWLY_SUPPORTED_DATATYPE. cV=ZiCoxoADYZvfCsrvDrOT1+}
{"logTime": "0911/052134", "correlationVector":"ZiCoxoADYZvfCsrvDrOT1+.1","action":"SyncServerConnectionManagerRequest", "result":"SYNC_SERVER_OK", "context":{"environment":"Prod_SouthCentralUS_000i", "migrationStage":"NotStarted", "server":"GENERAL01000015"}}
{"logTime": "0911/052134", "correlationVector":"ZiCoxoADYZvfCsrvDrOT1+.2","action":"GetUpdates Response", "result":"Success", "context":Received 22 update(s). cV=ZiCoxoADYZvfCsrvDrOT1+.0;server=GENERAL01000015;cloudType=Consumer;environment=Prod_SouthCentralUS_000i;migrationStage=NotStarted}
{"logTime": "0911/052134", "correlationVector":"KLWoLtyNi3vcygad9gfIBd","action":"Normal GetUpdate request", "result":"", "context":cV=KLWoLtyNi3vcygad9gfIBd
Nudged types: Device Info, User Consents
Refresh requested types: Bookmarks, Preferences, Passwords, Autofill Profiles, Autofill, Extensions, Extension settings, Device Info, User Consents, Send Tab To Self, Web Apps, Collection, Edge E Drop, Edge Hub App Usage, Edge Wallet, Encryption Keys}
{"logTime": "0911/052134", "correlationVector":"KLWoLtyNi3vcygad9gfIBd.1","action":"SyncServerConnectionManagerRequest", "result":"SYNC_SERVER_OK", "context":{"environment":"Prod_SouthCentralUS_000i", "migrationStage":"NotStarted", "server":"GENERAL0100001D"}}
{"logTime": "0911/052134", "correlationVector":"KLWoLtyNi3vcygad9gfIBd.2","action":"GetUpdates Response", "result":"Success", "context":Received 0 update(s). cV=KLWoLtyNi3vcygad9gfIBd.0;server=GENERAL0100001D;cloudType=Consumer;environment=Prod_SouthCentralUS_000i;migrationStage=NotStarted}
{"logTime": "0911/052134", "correlationVector":"//IL55cKq3H4gsdi3j+Wzp","action":"DoCompareDataConsistency requsted types: ", "result":"Bookmarks, Preferences, Passwords, Extensions, Extension settings, Send Tab To Self, Web Apps, Collection, Edge E Drop, Edge Wallet, Encryption Keys"}
{"logTime": "0911/052134", "correlationVector":"//IL55cKq3H4gsdi3j+Wzp.0","action":"CompareDataConsistency result: ", "result":"Compare result: Encryption Keys is consistent. local entities count is: 1 local entities hash is: bZgSh+VIvxa8Lwqlsma/K50NpWA="}
{"logTime": "0911/052134", "correlationVector":"//IL55cKq3H4gsdi3j+Wzp.1","action":"CompareDataConsistency result: ", "result":"Compare result: Bookmarks is consistent. local entities count is: 3 local entities hash is: 2lh5+YvyZa2j8Dwi+VOxzecJwS8="}
{"logTime": "0911/052134", "correlationVector":"//IL55cKq3H4gsdi3j+Wzp.2","action":"CompareDataConsistency result: ", "result":"Compare result: Preferences is consistent. local entities count is: 40 local entities hash is: KOG6PvkCk03jiMFDgk9+3u70h2g="}
{"logTime": "0911/052134", "correlationVector":"//IL55cKq3H4gsdi3j+Wzp.3","action":"CompareDataConsistency result: ", "result":"Compare result: Extensions is consistent. local entities count is: 0 local entities hash is: "}
{"logTime": "0911/052134", "correlationVector":"//IL55cKq3H4gsdi3j+Wzp.4","action":"CompareDataConsistency result: ", "result":"Compare result: Extension settings is consistent. local entities count is: 0 local entities hash is: "}
{"logTime": "0911/052134", "correlationVector":"//IL55cKq3H4gsdi3j+Wzp.5","action":"CompareDataConsistency result: ", "result":"Server did not send this Send Tab To Self local entities count is: 0 local entities hash is: "}
{"logTime": "0911/052134", "correlationVector":"//IL55cKq3H4gsdi3j+Wzp.6","action":"CompareDataConsistency result: ", "result":"Compare result: Web Apps is consistent. local entities count is: 0 local entities hash is: "}
{"logTime": "0911/052134", "correlationVector":"//IL55cKq3H4gsdi3j+Wzp.7","action":"CompareDataConsistency result: ", "result":"Compare result: Collection is consistent. local entities count is: 0 local entities hash is: "}
{"logTime": "0911/052134", "correlationVector":"//IL55cKq3H4gsdi3j+Wzp.8","action":"CompareDataConsistency result: ", "result":"Compare result: Edge E Drop is consistent. local entities count is: 0 local entities hash is: "}
{"logTime": "0911/052134", "correlationVector":"//IL55cKq3H4gsdi3j+Wzp.9","action":"CompareDataConsistency result: ", "result":"Compare result: Edge Wallet is consistent. local entities count is: 0 local entities hash is: "}
{"logTime": "0911/052134", "correlationVector":"//IL55cKq3H4gsdi3j+Wzp.10","action":"CompareDataConsistency result: ", "result":"Compare result: Passwords is consistent. local entities count is: 0 local entities hash is: "}
{"logTime": "0911/052134", "correlationVector":"oXmHfKN2+BI0x4lfDRq4rZ","action":"Commit Request", "result":"", "context":Item count: 3
Contributing types: Device Info, User Consents}
{"logTime": "0911/052134", "correlationVector":"oXmHfKN2+BI0x4lfDRq4rZ.1","action":"SyncServerConnectionManagerRequest", "result":"SYNC_SERVER_OK", "context":{"environment":"Prod_SouthCentralUS_000i", "migrationStage":"NotStarted", "server":"GENERAL0100000O"}}
{"logTime": "0911/052134", "correlationVector":"oXmHfKN2+BI0x4lfDRq4rZ.2","action":"Commit Response", "result":"Success", "context":Result: Success. cV=oXmHfKN2+BI0x4lfDRq4rZ.0;server=GENERAL0100000O;cloudType=Consumer;environment=Prod_SouthCentralUS_000i;migrationStage=NotStarted}
{"logTime": "0911/052134", "correlationVector":"","action":"DIAGNOSTIC_REQUEST|v1/diagnosticData/Diagnostic.SendCheckResult()|SUCCESS", "result":""}
{"logTime": "0911/052134", "correlationVector":"vkNZUlrtQJyais+48qyti3","action":"Normal GetUpdate request", "result":"", "context":cV=vkNZUlrtQJyais+48qyti3
Nudged types: Device Info}
{"logTime": "0911/052135", "correlationVector":"vkNZUlrtQJyais+48qyti3.1","action":"SyncServerConnectionManagerRequest", "result":"SYNC_SERVER_OK", "context":{"environment":"Prod_SouthCentralUS_000i", "migrationStage":"NotStarted", "server":"GENERAL0100001K"}}
{"logTime": "0911/052135", "correlationVector":"vkNZUlrtQJyais+48qyti3.2","action":"GetUpdates Response", "result":"Success", "context":Received 1 update(s). cV=vkNZUlrtQJyais+48qyti3.0;server=GENERAL0100001K;cloudType=Consumer;environment=Prod_SouthCentralUS_000i;migrationStage=NotStarted}
{"logTime": "0911/052137", "correlationVector":"SHgwrbKdQWriUveFqZzA0x","action":"Normal GetUpdate request", "result":"", "context":cV=SHgwrbKdQWriUveFqZzA0x
Nudged types: Edge Hub App Usage}
{"logTime": "0911/052137", "correlationVector":"SHgwrbKdQWriUveFqZzA0x.1","action":"SyncServerConnectionManagerRequest", "result":"SYNC_SERVER_OK", "context":{"environment":"Prod_SouthCentralUS_000i", "migrationStage":"NotStarted", "server":"GENERAL01000018"}}
{"logTime": "0911/052137", "correlationVector":"SHgwrbKdQWriUveFqZzA0x.2","action":"GetUpdates Response", "result":"Success", "context":Received 0 update(s). cV=SHgwrbKdQWriUveFqZzA0x.0;server=GENERAL01000018;cloudType=Consumer;environment=Prod_SouthCentralUS_000i;migrationStage=NotStarted}
{"logTime": "0911/052137", "correlationVector":"jfC+BhOhfa0gIHfCkCU0OK","action":"Commit Request", "result":"", "context":Item count: 1
Contributing types: Edge Hub App Usage}
{"logTime": "0911/052137", "correlationVector":"jfC+BhOhfa0gIHfCkCU0OK.1","action":"SyncServerConnectionManagerRequest", "result":"SYNC_SERVER_OK", "context":{"environment":"Prod_SouthCentralUS_000i", "migrationStage":"NotStarted", "server":"GENERAL0100000D"}}
{"logTime": "0911/052137", "correlationVector":"jfC+BhOhfa0gIHfCkCU0OK.2","action":"Commit Response", "result":"Success", "context":Result: Success. cV=jfC+BhOhfa0gIHfCkCU0OK.0;server=GENERAL0100000D;cloudType=Consumer;environment=Prod_SouthCentralUS_000i;migrationStage=NotStarted}
{"logTime": "0911/052631", "correlationVector":"hdCtP7bkNCfIUFyGkBxxtw","action":"Normal GetUpdate request", "result":"", "context":cV=hdCtP7bkNCfIUFyGkBxxtw
Refresh requested types: Bookmarks, Preferences, Passwords, Autofill Profiles, Autofill, Extensions, Extension settings, Device Info, User Consents, Send Tab To Self, Web Apps, Collection, Edge E Drop, Edge Hub App Usage, Edge Wallet, Encryption Keys}
{"logTime": "0911/052632", "correlationVector":"hdCtP7bkNCfIUFyGkBxxtw.1","action":"SyncServerConnectionManagerRequest", "result":"SYNC_SERVER_OK", "context":{"environment":"Prod_SouthCentralUS_000i", "migrationStage":"NotStarted", "server":"GENERAL01000019"}}
{"logTime": "0911/052632", "correlationVector":"hdCtP7bkNCfIUFyGkBxxtw.2","action":"GetUpdates Response", "result":"Success", "context":Received 1 update(s). cV=hdCtP7bkNCfIUFyGkBxxtw.0;server=GENERAL01000019;cloudType=Consumer;environment=Prod_SouthCentralUS_000i;migrationStage=NotStarted}
{"logTime": "0911/053127", "correlationVector":"HjZYjcpyxXaQpseRD4h/O2.1","action":"SyncServerConnectionManagerRequest", "result":"SYNC_SERVER_OK", "context":{"environment":"Prod_SouthCentralUS_000i", "migrationStage":"NotStarted", "server":"GENERAL0100000R"}}
{"logTime": "0911/053128", "correlationVector":"29oeo5/EAdbvNj1S78Shjv","action":"SyncServerConnectionManagerRequest", "result":"SYNC_SERVER_OK", "context":{"environment":"", "migrationStage":"", "server":""}}
{"logTime": "0911/053128", "correlationVector":"HjZYjcpyxXaQpseRD4h/O2","action":"Initial GetUpdates", "result":"", "context":Reason: NEW_CLIENT. cV=HjZYjcpyxXaQpseRD4h/O2}
{"logTime": "0911/053128", "correlationVector":"HjZYjcpyxXaQpseRD4h/O2.2","action":"GetUpdates Response", "result":"Success", "context":Received 1 update(s). cV=HjZYjcpyxXaQpseRD4h/O2.0;server=GENERAL0100000R;cloudType=Consumer;environment=Prod_SouthCentralUS_000i;migrationStage=NotStarted}
{"logTime": "0911/053128", "correlationVector":"aWu2oGQEKknKnP//QSMarK","action":"Normal GetUpdate request", "result":"", "context":cV=aWu2oGQEKknKnP//QSMarK
Refresh requested types: Bookmarks, Preferences, Passwords, Autofill Profiles, Autofill, Extensions, Extension settings, Device Info, User Consents, Send Tab To Self, Web Apps, Collection, Edge E Drop, Edge Hub App Usage, Edge Wallet, Encryption Keys}
{"logTime": "0911/053128", "correlationVector":"aWu2oGQEKknKnP//QSMarK.1","action":"SyncServerConnectionManagerRequest", "result":"SYNC_SERVER_OK", "context":{"environment":"Prod_SouthCentralUS_000i", "migrationStage":"NotStarted", "server":"GENERAL01000004"}}
{"logTime": "0911/053128", "correlationVector":"aWu2oGQEKknKnP//QSMarK.2","action":"GetUpdates Response", "result":"Success", "context":Received 0 update(s). cV=aWu2oGQEKknKnP//QSMarK.0;server=GENERAL01000004;cloudType=Consumer;environment=Prod_SouthCentralUS_000i;migrationStage=NotStarted}
{"logTime": "0911/053128", "correlationVector":"onpDZi6MmeL8mGV0InmkfP","action":"DoCompareDataConsistency requsted types: ", "result":"Bookmarks, Preferences, Passwords, Extensions, Extension settings, Send Tab To Self, Web Apps, Collection, Edge E Drop, Edge Wallet, Encryption Keys"}
{"logTime": "0911/053128", "correlationVector":"onpDZi6MmeL8mGV0InmkfP.0","action":"CompareDataConsistency result: ", "result":"Compare result: Encryption Keys is consistent. local entities count is: 1 local entities hash is: bZgSh+VIvxa8Lwqlsma/K50NpWA="}
{"logTime": "0911/053128", "correlationVector":"onpDZi6MmeL8mGV0InmkfP.1","action":"CompareDataConsistency result: ", "result":"Compare result: Bookmarks is consistent. local entities count is: 3 local entities hash is: 2lh5+YvyZa2j8Dwi+VOxzecJwS8="}
{"logTime": "0911/053128", "correlationVector":"onpDZi6MmeL8mGV0InmkfP.2","action":"CompareDataConsistency result: ", "result":"Compare result: Preferences is consistent. local entities count is: 40 local entities hash is: KOG6PvkCk03jiMFDgk9+3u70h2g="}
{"logTime": "0911/053128", "correlationVector":"onpDZi6MmeL8mGV0InmkfP.3","action":"CompareDataConsistency result: ", "result":"Compare result: Extensions is consistent. local entities count is: 0 local entities hash is: "}
{"logTime": "0911/053128", "correlationVector":"onpDZi6MmeL8mGV0InmkfP.4","action":"CompareDataConsistency result: ", "result":"Compare result: Extension settings is consistent. local entities count is: 0 local entities hash is: "}
{"logTime": "0911/053128", "correlationVector":"onpDZi6MmeL8mGV0InmkfP.5","action":"CompareDataConsistency result: ", "result":"Server did not send this Send Tab To Self local entities count is: 0 local entities hash is: "}
{"logTime": "0911/053128", "correlationVector":"onpDZi6MmeL8mGV0InmkfP.6","action":"CompareDataConsistency result: ", "result":"Compare result: Web Apps is consistent. local entities count is: 0 local entities hash is: "}
{"logTime": "0911/053128", "correlationVector":"onpDZi6MmeL8mGV0InmkfP.7","action":"CompareDataConsistency result: ", "result":"Compare result: Collection is consistent. local entities count is: 0 local entities hash is: "}
{"logTime": "0911/053128", "correlationVector":"onpDZi6MmeL8mGV0InmkfP.8","action":"CompareDataConsistency result: ", "result":"Compare result: Edge E Drop is consistent. local entities count is: 0 local entities hash is: "}
{"logTime": "0911/053128", "correlationVector":"onpDZi6MmeL8mGV0InmkfP.9","action":"CompareDataConsistency result: ", "result":"Compare result: Edge Wallet is consistent. local entities count is: 0 local entities hash is: "}
{"logTime": "0911/053128", "correlationVector":"onpDZi6MmeL8mGV0InmkfP.10","action":"CompareDataConsistency result: ", "result":"Compare result: Passwords is consistent. local entities count is: 0 local entities hash is: "}
{"logTime": "0911/053128", "correlationVector":"","action":"DIAGNOSTIC_REQUEST|v1/diagnosticData/Diagnostic.SendCheckResult()|SUCCESS", "result":""}
