2024-09-11T05:21:31.094Z P:8960 T:5068] SyncServiceImpl::Initialize,SyncState after authenticated was: NotSignedIn
2024-09-11T05:21:31.445Z P:8960 T:5068] SyncServiceImpl::TryStartImpl,Try to start sync engine
2024-09-11T05:21:31.446Z P:8960 T:20428] SyncManagerImpl::ConfigureSyncer,Types to download: Encryption Keys
2024-09-11T05:21:31.681Z P:8960 T:5068] SyncAuthManager::SetLastAuthError,Current auth error: None
2024-09-11T05:21:31.681Z P:8960 T:5068] SyncAuthManager::EdgeLogTokenErrorState,Token error with: None for account type: MSA
2024-09-11T05:21:31.681Z P:8960 T:5068] SyncServiceImpl::CredentialsChanged,Credentials changed for: EdgeSyncScopeNew
2024-09-11T05:21:32.862Z P:8960 T:5068] SyncAuthManager::SetLastAuthError,Current auth error: None
2024-09-11T05:21:32.862Z P:8960 T:5068] SyncAuthManager::EdgeLogTokenErrorState,Token error with: None for account type: MSA
2024-09-11T05:21:32.862Z P:8960 T:5068] SyncServiceImpl::CredentialsChangedForKeyData,Credentials changed for: EdgeSyncKeyDataScope
2024-09-11T05:21:33.181Z P:8960 T:5068] SyncServiceImpl::OnEngineInitialized,Initialize engine with: Success
2024-09-11T05:21:33.182Z P:8960 T:5068] ModelLoadManager::Configure,Desired types without errors: Bookmarks, Preferences, Extensions, Extension settings, Device Info, User Consents, Send Tab To Self, Web Apps, Collection, Edge E Drop, Edge Hub App Usage, Edge Wallet, Encryption Keys and types with errors: Passwords, Autofill Profiles, Autofill
2024-09-11T05:21:33.182Z P:8960 T:5068] ModelLoadManager::ModelLoadCallback,Load Bookmarks: success
2024-09-11T05:21:33.182Z P:8960 T:5068] ModelLoadManager::LoadDesiredTypes,Loading type: Bookmarks
2024-09-11T05:21:33.182Z P:8960 T:5068] ModelLoadManager::LoadDesiredTypes,Loading type: Preferences
2024-09-11T05:21:33.182Z P:8960 T:5068] ModelLoadManager::LoadDesiredTypes,Loading type: Extensions
2024-09-11T05:21:33.182Z P:8960 T:5068] ModelLoadManager::LoadDesiredTypes,Loading type: Extension settings
2024-09-11T05:21:33.182Z P:8960 T:5068] ModelLoadManager::LoadDesiredTypes,Loading type: Device Info
2024-09-11T05:21:33.182Z P:8960 T:5068] ModelLoadManager::LoadDesiredTypes,Loading type: User Consents
2024-09-11T05:21:33.182Z P:8960 T:5068] ModelLoadManager::LoadDesiredTypes,Loading type: Send Tab To Self
2024-09-11T05:21:33.182Z P:8960 T:5068] ModelLoadManager::LoadDesiredTypes,Loading type: Web Apps
2024-09-11T05:21:33.182Z P:8960 T:5068] ModelLoadManager::LoadDesiredTypes,Loading type: Collection
2024-09-11T05:21:33.182Z P:8960 T:5068] ModelLoadManager::LoadDesiredTypes,Loading type: Edge E Drop
2024-09-11T05:21:33.182Z P:8960 T:5068] ModelLoadManager::LoadDesiredTypes,Loading type: Edge Hub App Usage
2024-09-11T05:21:33.182Z P:8960 T:5068] ModelLoadManager::LoadDesiredTypes,Loading type: Edge Wallet
2024-09-11T05:21:33.183Z P:8960 T:5068] ModelLoadManager::ModelLoadCallback,Load Preferences: success
2024-09-11T05:21:33.183Z P:8960 T:5068] ModelLoadManager::ModelLoadCallback,Load Extensions: success
2024-09-11T05:21:33.183Z P:8960 T:5068] ModelLoadManager::ModelLoadCallback,Load Device Info: success
2024-09-11T05:21:33.183Z P:8960 T:5068] ModelLoadManager::ModelLoadCallback,Load Extension settings: success
2024-09-11T05:21:33.183Z P:8960 T:5068] ModelLoadManager::ModelLoadCallback,Load User Consents: success
2024-09-11T05:21:33.183Z P:8960 T:5068] ModelLoadManager::ModelLoadCallback,Load Send Tab To Self: success
2024-09-11T05:21:33.183Z P:8960 T:5068] ModelLoadManager::ModelLoadCallback,Load Web Apps: success
2024-09-11T05:21:33.183Z P:8960 T:5068] ModelLoadManager::ModelLoadCallback,Load Collection: success
2024-09-11T05:21:33.183Z P:8960 T:5068] ModelLoadManager::ModelLoadCallback,Load Edge Hub App Usage: success
2024-09-11T05:21:33.183Z P:8960 T:5068] ModelLoadManager::ModelLoadCallback,Load Edge Wallet: success
2024-09-11T05:21:33.183Z P:8960 T:5068] ModelLoadManager::ModelLoadCallback,Load Edge E Drop: success
2024-09-11T05:21:33.183Z P:8960 T:5068] DataTypeManagerImpl::OnAllDataTypesReadyForConfigure,Start to configure data types
2024-09-11T05:21:33.183Z P:8960 T:5068] DataTypeManagerImpl::StartNextConfiguration,Remain to be configured size: 4 and next configuring types are: Encryption Keys
2024-09-11T05:21:33.183Z P:8960 T:5068] DataTypeManagerImpl::PrepareConfigureParams,Prepare to be configured types: 
2024-09-11T05:21:33.582Z P:8960 T:7332] SyncManagerImpl::ConfigureSyncer,Types to download: 
2024-09-11T05:21:33.584Z P:8960 T:5068] DataTypeManagerImpl::ConfigurationCompleted,Need reconfigure with failed types: 
2024-09-11T05:21:33.584Z P:8960 T:5068] ModelLoadManager::Configure,Desired types without errors: Bookmarks, Preferences, Passwords, Autofill Profiles, Autofill, Extensions, Extension settings, Device Info, User Consents, Send Tab To Self, Web Apps, Collection, Edge E Drop, Edge Hub App Usage, Edge Wallet, Encryption Keys and types with errors: 
2024-09-11T05:21:33.584Z P:8960 T:5068] ModelLoadManager::LoadDesiredTypes,Loading type: Passwords
2024-09-11T05:21:33.584Z P:8960 T:5068] ModelLoadManager::LoadDesiredTypes,Loading type: Autofill Profiles
2024-09-11T05:21:33.584Z P:8960 T:5068] ModelLoadManager::LoadDesiredTypes,Loading type: Autofill
2024-09-11T05:21:33.584Z P:8960 T:5068] ModelLoadManager::ModelLoadCallback,Load Passwords: success
2024-09-11T05:21:33.584Z P:8960 T:5068] ModelLoadManager::ModelLoadCallback,Load Autofill Profiles: success
2024-09-11T05:21:33.584Z P:8960 T:5068] ModelLoadManager::ModelLoadCallback,Load Autofill: success
2024-09-11T05:21:33.584Z P:8960 T:5068] DataTypeManagerImpl::OnAllDataTypesReadyForConfigure,Start to configure data types
2024-09-11T05:21:33.584Z P:8960 T:5068] DataTypeManagerImpl::StartNextConfiguration,Remain to be configured size: 4 and next configuring types are: Encryption Keys
2024-09-11T05:21:33.584Z P:8960 T:5068] DataTypeManagerImpl::PrepareConfigureParams,Prepare to be configured types: 
2024-09-11T05:21:33.584Z P:8960 T:7332] SyncManagerImpl::ConfigureSyncer,Types to download: 
2024-09-11T05:21:33.585Z P:8960 T:5068] DataTypeManagerImpl::ConfigurationCompleted,Remain to be configured size: 3
2024-09-11T05:21:33.585Z P:8960 T:5068] DataTypeManagerImpl::StartNextConfiguration,Remain to be configured size: 3 and next configuring types are: Preferences, Passwords, Device Info, Send Tab To Self, Edge E Drop
2024-09-11T05:21:33.585Z P:8960 T:5068] DataTypeManagerImpl::PrepareConfigureParams,Prepare to be configured types: Preferences, Passwords, Device Info, Send Tab To Self, Edge E Drop, Encryption Keys
2024-09-11T05:21:33.585Z P:8960 T:7332] SyncManagerImpl::ConfigureSyncer,Types to download: Preferences, Passwords, Device Info, Send Tab To Self, Edge E Drop, Encryption Keys
2024-09-11T05:21:33.832Z P:8960 T:5068] DataTypeManagerImpl::ConfigurationCompleted,Remain to be configured size: 2
2024-09-11T05:21:33.833Z P:8960 T:5068] DataTypeManagerImpl::StartNextConfiguration,Remain to be configured size: 2 and next configuring types are: Bookmarks
2024-09-11T05:21:33.833Z P:8960 T:5068] DataTypeManagerImpl::PrepareConfigureParams,Prepare to be configured types: Bookmarks, Encryption Keys
2024-09-11T05:21:33.833Z P:8960 T:7332] SyncManagerImpl::ConfigureSyncer,Types to download: Bookmarks, Encryption Keys
2024-09-11T05:21:33.957Z P:8960 T:5068] DataTypeManagerImpl::ConfigurationCompleted,Remain to be configured size: 1
2024-09-11T05:21:33.958Z P:8960 T:5068] DataTypeManagerImpl::StartNextConfiguration,Remain to be configured size: 1 and next configuring types are: Autofill Profiles, Autofill, Extensions, Extension settings, User Consents, Web Apps, Collection, Edge Hub App Usage, Edge Wallet
2024-09-11T05:21:33.958Z P:8960 T:5068] DataTypeManagerImpl::PrepareConfigureParams,Prepare to be configured types: Autofill Profiles, Autofill, Extensions, Extension settings, Web Apps, Collection, Edge Hub App Usage, Edge Wallet, Encryption Keys
2024-09-11T05:21:33.958Z P:8960 T:7332] SyncManagerImpl::ConfigureSyncer,Types to download: Autofill Profiles, Autofill, Extensions, Extension settings, Web Apps, Collection, Edge Hub App Usage, Edge Wallet, Encryption Keys
2024-09-11T05:21:34.154Z P:8960 T:5068] DataTypeManagerImpl::ConfigurationCompleted,Remain to be configured size: 0
2024-09-11T05:21:34.155Z P:8960 T:5068] SyncServiceImpl::OnConfigureDone,Configure DataTypeManager with: Ok
2024-09-11T05:21:34.749Z P:8960 T:13240] Commit::PostAndProcessResponse,Process Device Info: Success
2024-09-11T05:21:34.749Z P:8960 T:13240] Commit::PostAndProcessResponse,Process User Consents: Success
2024-09-11T05:21:37.597Z P:8960 T:7332] Commit::PostAndProcessResponse,Process Edge Hub App Usage: Success
2024-09-11T05:31:17.492Z P:18804 T:2068] SyncServiceImpl::Initialize,SyncState after authenticated was: FeatureCanStart
2024-09-11T05:31:20.025Z P:18804 T:2068] SyncAuthManager::SetLastAuthError,Current auth error: None
2024-09-11T05:31:20.025Z P:18804 T:2068] SyncAuthManager::EdgeLogTokenErrorState,Token error with: None for account type: MSA
2024-09-11T05:31:20.025Z P:18804 T:2068] SyncServiceImpl::CredentialsChangedForKeyData,Credentials changed for: EdgeSyncKeyDataScope
2024-09-11T05:31:27.581Z P:18804 T:2068] SyncServiceImpl::TryStartImpl,Try to start sync engine
2024-09-11T05:31:27.582Z P:18804 T:1696] SyncManagerImpl::ConfigureSyncer,Types to download: Encryption Keys
2024-09-11T05:31:27.604Z P:18804 T:2068] SyncAuthManager::SetLastAuthError,Current auth error: None
2024-09-11T05:31:27.604Z P:18804 T:2068] SyncAuthManager::EdgeLogTokenErrorState,Token error with: None for account type: MSA
2024-09-11T05:31:27.604Z P:18804 T:2068] SyncServiceImpl::CredentialsChanged,Credentials changed for: EdgeSyncScopeNew
2024-09-11T05:31:27.776Z P:18804 T:2068] SyncServiceImpl::OnEngineInitialized,Initialize engine with: Success
2024-09-11T05:31:27.777Z P:18804 T:2068] ModelLoadManager::Configure,Desired types without errors: Bookmarks, Preferences, Extensions, Extension settings, Device Info, User Consents, Send Tab To Self, Web Apps, Collection, Edge E Drop, Edge Hub App Usage, Edge Wallet, Encryption Keys and types with errors: Passwords, Autofill Profiles, Autofill
2024-09-11T05:31:27.777Z P:18804 T:2068] ModelLoadManager::ModelLoadCallback,Load Bookmarks: success
2024-09-11T05:31:27.777Z P:18804 T:2068] ModelLoadManager::LoadDesiredTypes,Loading type: Bookmarks
2024-09-11T05:31:27.777Z P:18804 T:2068] ModelLoadManager::LoadDesiredTypes,Loading type: Preferences
2024-09-11T05:31:27.777Z P:18804 T:2068] ModelLoadManager::LoadDesiredTypes,Loading type: Extensions
2024-09-11T05:31:27.777Z P:18804 T:2068] ModelLoadManager::LoadDesiredTypes,Loading type: Extension settings
2024-09-11T05:31:27.777Z P:18804 T:2068] ModelLoadManager::LoadDesiredTypes,Loading type: Device Info
2024-09-11T05:31:27.777Z P:18804 T:2068] ModelLoadManager::LoadDesiredTypes,Loading type: User Consents
2024-09-11T05:31:27.777Z P:18804 T:2068] ModelLoadManager::LoadDesiredTypes,Loading type: Send Tab To Self
2024-09-11T05:31:27.777Z P:18804 T:2068] ModelLoadManager::LoadDesiredTypes,Loading type: Web Apps
2024-09-11T05:31:27.777Z P:18804 T:2068] ModelLoadManager::LoadDesiredTypes,Loading type: Collection
2024-09-11T05:31:27.777Z P:18804 T:2068] ModelLoadManager::LoadDesiredTypes,Loading type: Edge E Drop
2024-09-11T05:31:27.777Z P:18804 T:2068] ModelLoadManager::LoadDesiredTypes,Loading type: Edge Hub App Usage
2024-09-11T05:31:27.777Z P:18804 T:2068] ModelLoadManager::LoadDesiredTypes,Loading type: Edge Wallet
2024-09-11T05:31:27.777Z P:18804 T:2068] ModelLoadManager::ModelLoadCallback,Load Preferences: success
2024-09-11T05:31:27.777Z P:18804 T:2068] ModelLoadManager::ModelLoadCallback,Load Extensions: success
2024-09-11T05:31:27.777Z P:18804 T:2068] ModelLoadManager::ModelLoadCallback,Load Extension settings: success
2024-09-11T05:31:27.777Z P:18804 T:2068] ModelLoadManager::ModelLoadCallback,Load Device Info: success
2024-09-11T05:31:27.777Z P:18804 T:2068] ModelLoadManager::ModelLoadCallback,Load User Consents: success
2024-09-11T05:31:27.777Z P:18804 T:2068] ModelLoadManager::ModelLoadCallback,Load Send Tab To Self: success
2024-09-11T05:31:27.777Z P:18804 T:2068] ModelLoadManager::ModelLoadCallback,Load Web Apps: success
2024-09-11T05:31:27.777Z P:18804 T:2068] ModelLoadManager::ModelLoadCallback,Load Collection: success
2024-09-11T05:31:27.778Z P:18804 T:2068] ModelLoadManager::ModelLoadCallback,Load Edge Hub App Usage: success
2024-09-11T05:31:27.778Z P:18804 T:2068] ModelLoadManager::ModelLoadCallback,Load Edge E Drop: success
2024-09-11T05:31:27.778Z P:18804 T:2068] ModelLoadManager::ModelLoadCallback,Load Edge Wallet: success
2024-09-11T05:31:27.778Z P:18804 T:2068] DataTypeManagerImpl::OnAllDataTypesReadyForConfigure,Start to configure data types
2024-09-11T05:31:27.778Z P:18804 T:2068] DataTypeManagerImpl::StartNextConfiguration,Remain to be configured size: 4 and next configuring types are: Encryption Keys
2024-09-11T05:31:27.778Z P:18804 T:2068] DataTypeManagerImpl::PrepareConfigureParams,Prepare to be configured types: 
2024-09-11T05:31:28.158Z P:18804 T:3068] SyncManagerImpl::ConfigureSyncer,Types to download: 
2024-09-11T05:31:28.161Z P:18804 T:2068] DataTypeManagerImpl::ConfigurationCompleted,Need reconfigure with failed types: 
2024-09-11T05:31:28.161Z P:18804 T:2068] ModelLoadManager::Configure,Desired types without errors: Bookmarks, Preferences, Passwords, Autofill Profiles, Autofill, Extensions, Extension settings, Device Info, User Consents, Send Tab To Self, Web Apps, Collection, Edge E Drop, Edge Hub App Usage, Edge Wallet, Encryption Keys and types with errors: 
2024-09-11T05:31:28.161Z P:18804 T:2068] ModelLoadManager::LoadDesiredTypes,Loading type: Passwords
2024-09-11T05:31:28.161Z P:18804 T:2068] ModelLoadManager::LoadDesiredTypes,Loading type: Autofill Profiles
2024-09-11T05:31:28.161Z P:18804 T:2068] ModelLoadManager::LoadDesiredTypes,Loading type: Autofill
2024-09-11T05:31:28.161Z P:18804 T:2068] ModelLoadManager::ModelLoadCallback,Load Passwords: success
2024-09-11T05:31:28.161Z P:18804 T:2068] ModelLoadManager::ModelLoadCallback,Load Autofill Profiles: success
2024-09-11T05:31:28.161Z P:18804 T:2068] ModelLoadManager::ModelLoadCallback,Load Autofill: success
2024-09-11T05:31:28.161Z P:18804 T:2068] DataTypeManagerImpl::OnAllDataTypesReadyForConfigure,Start to configure data types
2024-09-11T05:31:28.161Z P:18804 T:2068] DataTypeManagerImpl::StartNextConfiguration,Remain to be configured size: 4 and next configuring types are: Encryption Keys
2024-09-11T05:31:28.161Z P:18804 T:2068] DataTypeManagerImpl::PrepareConfigureParams,Prepare to be configured types: 
2024-09-11T05:31:28.161Z P:18804 T:3068] SyncManagerImpl::ConfigureSyncer,Types to download: 
2024-09-11T05:31:28.161Z P:18804 T:2068] DataTypeManagerImpl::ConfigurationCompleted,Remain to be configured size: 3
2024-09-11T05:31:28.161Z P:18804 T:2068] DataTypeManagerImpl::StartNextConfiguration,Remain to be configured size: 3 and next configuring types are: Preferences, Passwords, Device Info, Send Tab To Self, Edge E Drop
2024-09-11T05:31:28.161Z P:18804 T:2068] DataTypeManagerImpl::PrepareConfigureParams,Prepare to be configured types: 
2024-09-11T05:31:28.161Z P:18804 T:3068] SyncManagerImpl::ConfigureSyncer,Types to download: 
2024-09-11T05:31:28.162Z P:18804 T:2068] DataTypeManagerImpl::ConfigurationCompleted,Remain to be configured size: 2
2024-09-11T05:31:28.162Z P:18804 T:2068] DataTypeManagerImpl::StartNextConfiguration,Remain to be configured size: 2 and next configuring types are: Bookmarks
2024-09-11T05:31:28.162Z P:18804 T:2068] DataTypeManagerImpl::PrepareConfigureParams,Prepare to be configured types: 
2024-09-11T05:31:28.162Z P:18804 T:3068] SyncManagerImpl::ConfigureSyncer,Types to download: 
2024-09-11T05:31:28.162Z P:18804 T:2068] DataTypeManagerImpl::ConfigurationCompleted,Remain to be configured size: 1
2024-09-11T05:31:28.163Z P:18804 T:2068] DataTypeManagerImpl::StartNextConfiguration,Remain to be configured size: 1 and next configuring types are: Autofill Profiles, Autofill, Extensions, Extension settings, User Consents, Web Apps, Collection, Edge Hub App Usage, Edge Wallet
2024-09-11T05:31:28.163Z P:18804 T:2068] DataTypeManagerImpl::PrepareConfigureParams,Prepare to be configured types: 
2024-09-11T05:31:28.163Z P:18804 T:3068] SyncManagerImpl::ConfigureSyncer,Types to download: 
2024-09-11T05:31:28.164Z P:18804 T:2068] DataTypeManagerImpl::ConfigurationCompleted,Remain to be configured size: 0
2024-09-11T05:31:28.164Z P:18804 T:2068] SyncServiceImpl::OnConfigureDone,Configure DataTypeManager with: Ok
